-5.472354777760888283e+02
-2.320692970328585716e+02
-1.623472594233860491e+02
-1.760489523581671278e+02
-2.708988346424355882e+02
-9.886743296650857360e+01
-2.118481216604083102e+02
-1.284740192143881359e+02
-1.529168694861217830e+02
-8.360733673335515448e+01
-2.089111259816905033e+02
-8.574191511679420330e+01
-2.000875320451255845e+02
-1.172677173066855687e+02
-8.385973317629149903e+01
-6.757265973350372690e+01
-1.492481721584935599e+02
-9.246400003237644682e+01
-9.487640930477024881e+01
-2.372257049239270827e+02
-2.117533338721567020e+02
-1.200034178659908974e+02
-1.447051416997587125e+02
-6.309146140660634217e+01
-1.821369263051910252e+02
-1.071617607468679694e+02
-1.103121312640074905e+02
-1.305637327804432744e+02
9.821106750938790242e+01
-7.459383434468536223e+01
-2.019562980072705329e+02
-9.118059638657904031e+01
-9.433066924313511947e+01
-9.502923665269860010e+01
-8.427808175745295216e+01
-7.955409634288007226e+01
-1.013494017721636169e+02
-1.244326293855215937e+02
-1.980429167964796306e+02
-1.014827784381767941e+02
-9.857283123245305489e+01
-1.273075737790219364e+02
-1.571340567587995167e+02
-5.516850693569796249e+01
-8.328977091413428013e+01
-1.035807248308370134e+02
-7.464539410023746768e+01
-2.418499466060460179e+02
-2.775214963991791706e+01
-1.361396499689742825e+02
-2.305613206703363005e+01
-1.647176289530970621e+02
-9.477887272795553031e+01
-8.229803216482822847e+01
-3.493440595105781199e+01
-3.659734660292076001e+02
-3.750141221806774183e+01
-5.414604503843158056e+01
-9.199963513802036630e+01
-4.384914259056336050e+01
-7.403129713239428611e+01
-5.822904111229767921e+01
-6.948882495234957446e+01
-9.643730384823305712e+01
-7.943664920852035038e+01
-1.351804681914129276e+02
-8.610620173227491136e+01
-7.969122336609171953e+01
-8.193284194273392984e+01
-8.643460122429767978e+01
-2.987994580153597326e+02
-8.253833764451428578e+01
-7.747720153599749437e+01
-6.438109866845628915e+01
-2.088777840730147375e+02
-1.227884263639127198e+02
-8.176085787439313890e+01
-4.972397124575783778e+01
-9.992942373325948324e+01
-8.062235382480116641e+01
-9.053065965211007438e+01
-5.974432463053760500e+01
-9.624132717968595330e+01
-2.188476104772499866e+02
-1.284338889040661513e+02
-5.829169689875092075e+01
-6.124399007113665050e+01
-5.231119905783170054e+01
-5.489477844989279731e+01
-7.446406824957605863e+01
-5.912140384291939199e+01
-9.837738365147231434e+00
-2.752593173917506419e+01
-1.156366728456598025e+02
-7.589599605044210762e+01
-8.599592399734579828e+01
-1.073937416250203967e+02
-1.197466520448440974e+02
1.645474011104653300e+00
-6.837396118542915247e+01
-1.400814456789783833e+02
-4.858639895510050621e+01
-1.793933347760519155e+02
-4.265243952250918369e+01
-1.296957468827496882e+02
-5.009378395262974237e+01
-2.799480295571441957e+01
-4.719234693923377222e+01
-7.651415920812098648e+00
-5.571783854578806228e+01
-1.064864058555139366e+02
-8.787311953909056683e+01
-8.781093448755135000e+01
-1.689739859202412049e+02
-1.289151026033442236e+02
-9.441166692248775405e+01
-3.695938065663649468e+02
-1.118036108071796377e+02
-9.203266037698497826e+01
-9.302384059454537635e+01
-1.567599400900193416e+02
-1.744754571641678353e+00
-5.698319140366839974e+01
-3.130001289670169058e+02
-8.213764101185870459e+01
-9.398919445596742150e+01
-4.929409406328957743e+00
-3.834770328408380635e+01
-2.188162928628234170e+02
-5.601284460501150875e+01
-5.865185275676594756e+00
4.053601313448027099e+00
-2.224429960907517057e+02
-1.990058322090100091e+02
-6.560883394640032407e+01
-1.922687307322854053e+02
-7.900222335034484900e+00
-7.951288803922589921e+01
-1.043483779107822755e+02
-1.120839824626893204e+02
2.180002184876965998e+01
-1.274777720931617893e+02
-2.518330639170142149e+01
-1.314342133822807455e+02
-4.706161272145094898e+01
-4.177885503898859554e+01
-1.628325774422468157e+02
-2.644446865512986165e+02
-2.019722614705615342e+02
-9.931685390908072009e+00
-4.021129650246427332e+02
-1.902754459929898303e+02
-5.603586876041754294e+01
-1.438882900107405760e+01
-3.063889663719536429e+02
-1.005103376599262788e+01
-1.305379500927031700e+00
-8.408759352076364735e+01
-6.256436386899780189e+01
5.720553009863586169e+01
1.358522651554046945e+01
-8.381455654676501865e+01
-1.164827198988791679e+01
-2.849356523727941237e+01
-1.590418298185873596e+02
-9.635933546658469595e+01
1.413772239537493647e+00
1.468640860378148716e+01
-8.096474602939562715e+01
-5.518696681540831150e-01
-2.532622402729451778e+02
3.095884782562890791e+01
-1.392685594066934129e+01
-1.746903335361886036e+02
-4.062042871330874050e+01
-1.153891781961796283e+02
-6.233567008378648211e+01
-7.636219060565011318e+00
-1.553117779642302594e+02
-6.558369678033608352e+01
-1.500506550438463478e+02
-7.413886309616238179e+01
8.151382954555117522e-01
7.674350664530160770e+01
-3.332602376863638938e+01
-1.876452541224978177e+00
6.348846705725216566e+01
5.878583369032416073e+01
-8.875473595098966939e+00
-2.118457760654763433e+01
5.867935876121151040e+01
9.036242839139308103e+01
-4.783304216158010291e+01
-1.121854074902306309e+01
9.352420957878399577e+01
-5.975890448083315221e+01
1.367753261144612509e+01
1.151393910540261061e+02
-1.983540780127065659e+02
-3.239556825428473985e+01
-4.915089011317895284e+01
-6.075927267600340542e+01
1.924064420027065125e+00
8.179880771009484874e+01
1.397693687812996757e+02
1.028603239343060807e+02
8.565594049337761362e-01
1.264403894928431811e+02
-2.321202432500989232e+01
-2.995118143358867258e+01
4.115801661998693817e+01
-6.416646579236460468e+01
-2.348950648726193151e+02
-2.104106857566175677e+02
1.128657248414444325e+01
-1.700305442272435528e+02
-3.129859948059886960e+02
-3.326676456552397667e+02
8.672825872549793758e+01
-5.461231586878754030e+01
-2.340862247425658609e+02
7.529282243179582679e+01
-2.383384026197415722e+02
-9.823238695622077898e+01
-1.823600129783566786e+02
7.298811365348456093e+00
-2.214586017266044564e+02
7.527470279413577714e+01
-2.730099299762093779e+02
-1.439994562358035637e+02
7.992703648992147691e+00
-1.041045703100804758e+02
2.358217071977318824e+01
1.470745492485291663e+02
-2.799926122864283684e+01
-5.169014394605121510e+01
-2.733794959594534646e+01
-4.964350126158531396e+01
-2.042482052862894193e+02
-1.515388500281859763e+01
1.124156774076454042e+02
-4.796725793286937289e+01
-3.898578088142386378e+00
1.286872089827861565e+01
2.744797517352397165e+01
-1.441275314858596630e+02
-5.461806903291886073e+01
1.596843611837525714e+02
2.015196384956632869e+01
-3.236620815255665207e+01
-3.290398436114782044e+01
1.290639907582756507e+02
9.583433066305529735e+01
6.674197523027854118e+01
-1.124949124730583492e+02
7.901795849210536460e+01
-1.278388807687194912e+02
-2.378878943004191626e+01
-3.894665750652028890e+01
4.309239067489070862e+01
-6.663415332523706525e+01
-1.655019230126129059e-01
3.080346823788443089e+01
9.850458929852534595e+01
-2.707665078603488951e+01
7.031613147040432921e+01
1.369142990957406028e+02
-4.956650317140098139e+01
-1.655900801758418197e+02
9.679403307889154462e+01
8.308301916921939778e+01
-1.621373473635507310e+02
-3.907443386411390520e+02
7.705808262632670846e+01
-5.244281417190426708e+01
5.259267999008297068e+01
-2.897353283207814911e+02
-1.521161079844151516e+02
1.133180229152288945e+02
-9.782003265528152269e+01
-2.592919899324218704e+02
-2.368075692979448945e+02
-4.990109697914847970e+02
-1.709336287178158500e+02
-3.185662684060727656e+01
-5.242014826992451049e+01
-5.093049867838946909e+01
1.185000170934458765e+02
-9.885267347610252386e+01
-2.498449470255077074e+02
-8.692829593867956817e+01
-5.664106632859498802e+01
-1.952420994624160357e+02
-4.507004592701630941e+01
-1.465199292836410052e+02
-2.639857700266910570e+02
-2.497560082281204075e+02
-2.900969703695797079e+02
-2.628297892572217052e+02
-1.494389052508522013e+02
-1.474411458160204234e+02
-1.868124531160949573e+02
-1.431845943422661946e+02
-1.760958523657940304e+02
-1.279206001326114830e+02
-2.401969245157008856e+02
-1.183999356222493873e+02
-2.855492574095941904e+01
-1.653672784060190679e+02
-2.643237481179039605e+02
-2.942265071866615926e+02
-6.484635192135429804e+01
1.271045129435592713e+02
-1.594484287708979764e+02
-1.743238216166371330e+02
2.211508160981875619e+02
9.573432539399334473e+00
-5.987411152284867200e+01
1.359984172576010906e+02
6.042545071060424533e+01
4.612008715001882564e+01
7.510125564265020159e+01
-1.210160236815302426e+01
9.686042999923051866e+01
1.135008997315811285e+02
-3.583426354577345307e+01
-3.355599795516562267e+01
-6.775378758196382023e+01
-8.301903434785434399e+01
-2.870065543322207304e+02
-1.619027638541872989e+02
-2.651186750931001370e+02
-1.713032744646893093e+02
-3.143896537986285011e+01
-7.882866922781948915e+01
-1.549918196800972225e+02
-2.731474950299992770e+02
-2.156506672164345559e+02
-1.548764344380312821e+02
-2.446095463635345482e+02
-2.378055232731557282e+02
-1.551664330798835465e+02
-7.251812112840734414e+01
-2.596883759605742625e+02
-2.911974269713491594e+02
-3.296280341565229719e+02
-2.770840895786868714e+02
-1.900811925277766932e+02
-1.769930411304495408e+02
-1.542232706083374580e+02
-1.743757391147978524e+02
-3.471433057405116642e+02
-1.557963210769580655e+02
-1.917340104091525177e+02
-3.094402904894025710e+02
-1.611285133460049792e+02
-1.817589045108651362e+02
-2.834233383607967198e+02
-2.567914475319000758e+02
-2.560613675653688688e+02
-2.110630154163964107e+02
-1.772015302267733432e+02
-2.442697665249977774e+02
-2.592746200609447556e+02
-1.522667537307430052e+02
-1.626228299544132199e+02
-2.113321267035701112e+02
-5.848191838227556616e+01
-2.338534270760770255e+02
-2.820859011812330550e+02
-2.039434744996265181e+02
-2.331640652215016303e+02
-1.971271714193801756e+02
-2.928106899638021332e+02
-1.840052963869441669e+02
-1.743705462216810815e+02
-1.040546269003113480e+02
-2.976325222156445989e+02
-1.538998469299943963e+02
-2.398135162486304637e+02
-1.542836907447991166e+02
3.616881763967413121e+01
-1.710135414996381655e+02
-1.271301370937943602e+02
-1.638107283088668851e+02
-1.645974941065555868e+02
-5.836266414546307715e+02
-1.834797332443861251e+02
-2.599470161697291815e+01
-2.091220007369091718e+02
-2.541360257685636270e+02
-6.364789260650744041e+01
1.377216603002280522e+02
-1.835546966181616426e+02
-2.262885026037630496e+02
-2.354191350337267181e+02
9.818654669067740315e+01
-2.069778845212385932e+02
-1.281419129559644716e+02
1.862022310702830623e+02
-6.699386843139910752e+01
-2.976668431288032934e+02
-2.922693059744966604e+02
-1.680121178214539270e+02
-2.864968109691624250e+02
-1.677095159647857656e+02
1.959306559401575214e+02
-6.092433397178141519e+01
-1.900446013670008369e+02
-3.998236268846783901e+02
-4.076175432774950878e+02
-2.541967156922802644e+02
-2.873224085469313422e+02
-1.754533946998293459e+00
-3.373878708747190558e+02
-3.323539174626808972e+02
-2.735617383565765408e+02
-3.150801920085921211e+02
-3.795139620757125840e+02
-2.619724811795128971e+02
-4.032307648153348509e+02
-4.178924590884813597e+02
-4.062218505016797394e+02
-2.482214515605847680e+02
-3.337139637633745792e+02
-4.165115585773903035e+02
-2.507735631053999725e+01
-5.613427615352507019e+02
-2.824064345521979931e+02
-1.923037212384318480e+02
-4.328851011416155075e+02
-1.083408640456144241e+02
1.488450942843190035e+02
-3.417902133074303492e+02
1.829399597023618185e+01
-1.844551288414267276e+02
-5.866300500170552823e+01
-8.664555547971864371e+02
-2.783928080608372966e+02
-1.555984950266453097e+02
8.025894699480591044e+01
3.953692328541291801e+01
-1.325163471177260703e+02
-3.702792581450468106e+02
-4.272138202901182922e+02
5.916820269642180818e+01
-3.737472339835266411e+01
-1.652597004093251769e+02
2.076502697019122650e+02
-2.860185141733597334e+02
1.897708317036012886e+02
-1.873981269817758744e+02
-8.129514141397794447e+01
2.227669556975387195e+02
-1.317599070808093700e+02
-1.671679821441585432e+02
1.325727940881681945e+02
2.115274665005400152e+02
1.222104393738382839e+02
2.425322835069223402e+02
2.387917594828229824e+02
1.837421993709442916e+02
1.122994767647945906e+02
1.609482227161154242e+02
-2.491668266064146167e+02
-1.399025050343738599e+02
1.180292119714399632e+02
1.905440545874213569e+02
2.087264202964699962e+02
1.917644858446906824e+02
-2.315982429346342997e+01
1.316518184282297170e+02
2.508070884512304985e+02
2.532848157027825380e+02
1.225734607879117277e+02
2.649449739995987443e+02
